TN:
SF:C:\Users\DNS\Desktop\Life\frontend\controller\controller.spec.js
FN:1,(anonymous_1)
FN:6,__webpack_require__
FN:37,(anonymous_3)
FN:48,(anonymous_4)
FN:50,getDefault
FN:51,getModuleExports
FN:57,(anonymous_7)
FN:68,(anonymous_8)
FN:81,(anonymous_9)
FN:83,(anonymous_10)
FN:91,(anonymous_11)
FN:95,(anonymous_12)
FN:105,(anonymous_13)
FN:106,(anonymous_14)
FN:113,(anonymous_15)
FN:121,(anonymous_16)
FN:128,(anonymous_17)
FN:137,(anonymous_18)
FN:143,(anonymous_19)
FN:149,(anonymous_20)
FN:156,(anonymous_21)
FN:157,(anonymous_22)
FN:169,(anonymous_23)
FN:172,(anonymous_24)
FN:182,(anonymous_25)
FN:186,(anonymous_26)
FN:187,(anonymous_27)
FN:188,(anonymous_28)
FN:189,(anonymous_29)
FN:190,(anonymous_30)
FN:191,(anonymous_31)
FN:192,(anonymous_32)
FN:193,(anonymous_33)
FN:201,(anonymous_34)
FN:210,(anonymous_35)
FN:232,(anonymous_36)
FN:247,(anonymous_37)
FN:268,(anonymous_38)
FN:281,(anonymous_39)
FN:285,loop
FN:287,(anonymous_41)
FN:307,(anonymous_42)
FN:317,(anonymous_43)
FN:320,(anonymous_44)
FN:324,(anonymous_45)
FN:341,(anonymous_46)
FN:374,(anonymous_47)
FN:377,(anonymous_48)
FN:385,(anonymous_49)
FN:388,(anonymous_50)
FN:403,(anonymous_51)
FN:427,(anonymous_52)
FN:435,(anonymous_53)
FN:438,(anonymous_54)
FN:439,(anonymous_55)
FN:440,(anonymous_56)
FN:444,(anonymous_57)
FN:468,(anonymous_58)
FN:475,(anonymous_59)
FN:495,(anonymous_60)
FN:498,(anonymous_61)
FN:506,(anonymous_62)
FNF:62
FNH:58
FNDA:1,(anonymous_1)
FNDA:5,__webpack_require__
FNDA:13,(anonymous_3)
FNDA:1,(anonymous_4)
FNDA:0,getDefault
FNDA:0,getModuleExports
FNDA:13,(anonymous_7)
FNDA:1,(anonymous_8)
FNDA:1,(anonymous_9)
FNDA:1,(anonymous_10)
FNDA:1,(anonymous_11)
FNDA:1,(anonymous_12)
FNDA:1,(anonymous_13)
FNDA:1,(anonymous_14)
FNDA:1,(anonymous_15)
FNDA:1,(anonymous_16)
FNDA:1,(anonymous_17)
FNDA:1,(anonymous_18)
FNDA:1,(anonymous_19)
FNDA:1,(anonymous_20)
FNDA:1,(anonymous_21)
FNDA:1,(anonymous_22)
FNDA:1,(anonymous_23)
FNDA:1,(anonymous_24)
FNDA:1,(anonymous_25)
FNDA:1,(anonymous_26)
FNDA:26,(anonymous_27)
FNDA:1,(anonymous_28)
FNDA:4,(anonymous_29)
FNDA:2,(anonymous_30)
FNDA:2,(anonymous_31)
FNDA:3,(anonymous_32)
FNDA:1,(anonymous_33)
FNDA:2,(anonymous_34)
FNDA:3,(anonymous_35)
FNDA:6,(anonymous_36)
FNDA:3,(anonymous_37)
FNDA:1,(anonymous_38)
FNDA:2,(anonymous_39)
FNDA:5,loop
FNDA:5,(anonymous_41)
FNDA:0,(anonymous_42)
FNDA:1,(anonymous_43)
FNDA:1,(anonymous_44)
FNDA:1,(anonymous_45)
FNDA:3,(anonymous_46)
FNDA:3,(anonymous_47)
FNDA:2,(anonymous_48)
FNDA:2,(anonymous_49)
FNDA:3,(anonymous_50)
FNDA:18,(anonymous_51)
FNDA:7,(anonymous_52)
FNDA:1,(anonymous_53)
FNDA:0,(anonymous_54)
FNDA:3,(anonymous_55)
FNDA:4,(anonymous_56)
FNDA:3,(anonymous_57)
FNDA:3,(anonymous_58)
FNDA:4,(anonymous_59)
FNDA:1,(anonymous_60)
FNDA:3,(anonymous_61)
FNDA:3,(anonymous_62)
DA:1,1
DA:3,1
DA:6,1
DA:9,5
DA:10,0
DA:13,5
DA:20,5
DA:23,5
DA:26,5
DA:31,1
DA:34,1
DA:37,1
DA:38,13
DA:39,13
DA:48,1
DA:49,1
DA:50,0
DA:51,0
DA:52,1
DA:53,1
DA:57,13
DA:60,1
DA:63,1
DA:71,1
DA:72,1
DA:73,1
DA:74,1
DA:79,1
DA:81,1
DA:83,1
DA:84,1
DA:85,1
DA:86,1
DA:87,1
DA:88,1
DA:89,1
DA:91,1
DA:92,1
DA:93,1
DA:95,1
DA:96,1
DA:97,1
DA:98,1
DA:99,1
DA:100,1
DA:101,1
DA:102,1
DA:103,1
DA:105,1
DA:106,1
DA:107,1
DA:108,1
DA:109,1
DA:110,1
DA:111,1
DA:113,1
DA:114,1
DA:115,1
DA:116,1
DA:117,1
DA:118,1
DA:119,1
DA:121,1
DA:122,1
DA:123,1
DA:124,1
DA:125,1
DA:126,1
DA:128,1
DA:129,1
DA:130,1
DA:131,1
DA:132,1
DA:133,1
DA:134,1
DA:137,1
DA:138,1
DA:139,1
DA:140,1
DA:141,1
DA:143,1
DA:144,1
DA:145,1
DA:146,1
DA:147,1
DA:149,1
DA:150,1
DA:151,1
DA:152,1
DA:153,1
DA:156,1
DA:157,1
DA:158,1
DA:159,1
DA:161,1
DA:162,1
DA:163,1
DA:164,1
DA:166,1
DA:167,1
DA:169,1
DA:170,1
DA:172,1
DA:173,1
DA:186,1
DA:187,26
DA:188,1
DA:189,4
DA:190,2
DA:191,2
DA:192,3
DA:193,1
DA:194,1
DA:195,1
DA:200,1
DA:201,1
DA:203,2
DA:204,2
DA:205,2
DA:206,2
DA:207,2
DA:208,2
DA:210,1
DA:212,3
DA:213,3
DA:214,3
DA:217,1
DA:218,1
DA:219,1
DA:220,1
DA:223,1
DA:224,1
DA:225,1
DA:227,1
DA:228,1
DA:229,1
DA:232,1
DA:233,6
DA:235,6
DA:236,18
DA:237,18
DA:238,6
DA:239,4
DA:241,18
DA:242,6
DA:243,4
DA:247,1
DA:248,3
DA:251,3
DA:252,3
DA:254,3
DA:256,1
DA:257,1
DA:259,1
DA:260,1
DA:261,1
DA:263,1
DA:264,1
DA:268,1
DA:270,1
DA:271,1
DA:272,1
DA:273,1
DA:275,1
DA:276,1
DA:277,1
DA:278,1
DA:281,1
DA:283,2
DA:284,2
DA:285,1
DA:287,5
DA:288,5
DA:289,3
DA:291,3
DA:292,3
DA:293,3
DA:294,1
DA:295,1
DA:297,2
DA:301,2
DA:307,1
DA:308,0
DA:309,0
DA:320,1
DA:324,1
DA:326,1
DA:327,1
DA:328,1
DA:329,1
DA:331,1
DA:332,10
DA:333,10
DA:334,100
DA:336,10
DA:340,1
DA:342,3
DA:343,3
DA:344,3
DA:345,3
DA:347,3
DA:348,1
DA:349,15
DA:352,3
DA:353,1
DA:354,10
DA:355,60
DA:359,3
DA:360,1
DA:362,3
DA:363,1
DA:364,1
DA:365,16
DA:367,1
DA:368,5
DA:371,3
DA:372,3
DA:375,3
DA:378,2
DA:379,2
DA:380,12
DA:381,106
DA:386,2
DA:390,3
DA:391,3
DA:392,3
DA:393,6
DA:394,6
DA:395,18
DA:396,18
DA:397,18
DA:399,6
DA:401,3
DA:406,18
DA:407,18
DA:409,18
DA:410,9
DA:411,9
DA:412,9
DA:414,18
DA:415,18
DA:417,18
DA:418,9
DA:419,9
DA:420,9
DA:423,18
DA:424,14
DA:425,18
DA:428,7
DA:438,1
DA:439,3
DA:440,4
DA:444,1
DA:446,3
DA:447,3
DA:448,3
DA:450,3
DA:451,3
DA:453,3
DA:454,3
DA:455,35
DA:456,35
DA:457,500
DA:458,500
DA:459,500
DA:460,500
DA:461,500
DA:463,35
DA:465,3
DA:468,1
DA:470,3
DA:471,3
DA:472,1
DA:475,1
DA:477,4
DA:478,4
DA:479,4
DA:480,4
DA:483,4
DA:484,16
DA:485,118
DA:486,118
DA:487,107
DA:498,1
DA:500,3
DA:501,3
DA:502,3
DA:503,3
DA:505,3
DA:506,3
LF:290
LH:285
BRDA:9,1,0,0
BRDA:9,1,1,5
BRDA:38,2,0,13
BRDA:38,2,1,0
BRDA:49,3,0,0
BRDA:49,3,1,1
BRDA:49,4,0,1
BRDA:49,4,1,1
BRDA:97,5,0,1
BRDA:97,5,1,1
BRDA:97,5,2,1
BRDA:100,6,0,1
BRDA:100,6,1,1
BRDA:100,6,2,1
BRDA:103,7,0,1
BRDA:103,7,1,1
BRDA:103,7,2,1
BRDA:117,8,0,1
BRDA:117,8,1,1
BRDA:124,9,0,1
BRDA:124,9,1,1
BRDA:126,10,0,1
BRDA:126,10,1,1
BRDA:132,11,0,1
BRDA:132,11,1,1
BRDA:132,11,2,1
BRDA:134,12,0,1
BRDA:134,12,1,1
BRDA:134,12,2,1
BRDA:204,13,0,0
BRDA:204,13,1,2
BRDA:213,14,0,0
BRDA:213,14,1,3
BRDA:214,15,0,1
BRDA:214,15,1,1
BRDA:214,15,2,1
BRDA:237,16,0,6
BRDA:237,16,1,12
BRDA:238,17,0,2
BRDA:238,17,1,4
BRDA:241,18,0,6
BRDA:241,18,1,12
BRDA:242,19,0,2
BRDA:242,19,1,4
BRDA:251,20,0,0
BRDA:251,20,1,3
BRDA:254,21,0,1
BRDA:254,21,1,1
BRDA:254,21,2,1
BRDA:288,22,0,3
BRDA:288,22,1,2
BRDA:293,23,0,1
BRDA:293,23,1,2
BRDA:301,24,0,1
BRDA:301,24,1,1
BRDA:347,25,0,1
BRDA:347,25,1,2
BRDA:352,26,0,1
BRDA:352,26,1,2
BRDA:359,27,0,1
BRDA:359,27,1,2
BRDA:362,28,0,1
BRDA:362,28,1,2
BRDA:397,29,0,2
BRDA:397,29,1,16
BRDA:401,30,0,2
BRDA:401,30,1,1
BRDA:409,31,0,9
BRDA:409,31,1,9
BRDA:410,32,0,6
BRDA:410,32,1,3
BRDA:411,33,0,7
BRDA:411,33,1,2
BRDA:412,34,0,4
BRDA:412,34,1,5
BRDA:414,35,0,10
BRDA:414,35,1,8
BRDA:415,36,0,5
BRDA:415,36,1,13
BRDA:417,37,0,9
BRDA:417,37,1,9
BRDA:418,38,0,4
BRDA:418,38,1,5
BRDA:419,39,0,4
BRDA:419,39,1,5
BRDA:420,40,0,1
BRDA:420,40,1,8
BRDA:423,41,0,4
BRDA:423,41,1,14
BRDA:423,42,0,18
BRDA:423,42,1,15
BRDA:424,43,0,6
BRDA:424,43,1,8
BRDA:460,44,0,0
BRDA:460,44,1,500
BRDA:471,45,0,2
BRDA:471,45,1,1
BRDA:486,46,0,11
BRDA:486,46,1,107
BRF:99
BRH:92
end_of_record
TN:
SF:C:\Users\DNS\Desktop\Life\frontend\model\model.spec.js
FN:1,(anonymous_1)
FN:6,__webpack_require__
FN:37,(anonymous_3)
FN:48,(anonymous_4)
FN:50,getDefault
FN:51,getModuleExports
FN:57,(anonymous_7)
FN:69,(anonymous_8)
FN:72,(anonymous_9)
FN:76,(anonymous_10)
FN:93,(anonymous_11)
FN:126,(anonymous_12)
FN:129,(anonymous_13)
FN:137,(anonymous_14)
FN:140,(anonymous_15)
FN:155,(anonymous_16)
FN:179,(anonymous_17)
FN:188,(anonymous_18)
FN:197,(anonymous_19)
FN:198,(anonymous_20)
FN:200,(anonymous_21)
FN:205,(anonymous_22)
FN:211,(anonymous_23)
FN:213,(anonymous_24)
FN:217,(anonymous_25)
FN:221,(anonymous_26)
FN:227,(anonymous_27)
FN:235,(anonymous_28)
FN:246,(anonymous_29)
FN:254,(anonymous_30)
FN:255,(anonymous_31)
FN:264,(anonymous_32)
FNF:32
FNH:29
FNDA:1,(anonymous_1)
FNDA:2,__webpack_require__
FNDA:1,(anonymous_3)
FNDA:0,(anonymous_4)
FNDA:0,getDefault
FNDA:0,getModuleExports
FNDA:1,(anonymous_7)
FNDA:1,(anonymous_8)
FNDA:5,(anonymous_9)
FNDA:5,(anonymous_10)
FNDA:2,(anonymous_11)
FNDA:1,(anonymous_12)
FNDA:1,(anonymous_13)
FNDA:1,(anonymous_14)
FNDA:2,(anonymous_15)
FNDA:21,(anonymous_16)
FNDA:8,(anonymous_17)
FNDA:1,(anonymous_18)
FNDA:1,(anonymous_19)
FNDA:1,(anonymous_20)
FNDA:1,(anonymous_21)
FNDA:1,(anonymous_22)
FNDA:1,(anonymous_23)
FNDA:1,(anonymous_24)
FNDA:1,(anonymous_25)
FNDA:1,(anonymous_26)
FNDA:1,(anonymous_27)
FNDA:1,(anonymous_28)
FNDA:1,(anonymous_29)
FNDA:1,(anonymous_30)
FNDA:1,(anonymous_31)
FNDA:1,(anonymous_32)
DA:1,1
DA:3,1
DA:6,1
DA:9,2
DA:10,0
DA:13,2
DA:20,2
DA:23,2
DA:26,2
DA:31,1
DA:34,1
DA:37,1
DA:38,1
DA:39,1
DA:48,1
DA:49,0
DA:50,0
DA:51,0
DA:52,0
DA:53,0
DA:57,1
DA:60,1
DA:63,1
DA:72,5
DA:76,1
DA:78,5
DA:79,5
DA:80,5
DA:81,5
DA:83,5
DA:84,10
DA:85,10
DA:86,26
DA:88,10
DA:92,1
DA:94,2
DA:95,2
DA:96,2
DA:97,2
DA:99,2
DA:100,1
DA:101,50
DA:104,2
DA:105,1
DA:106,3
DA:107,111
DA:111,2
DA:112,1
DA:114,2
DA:115,1
DA:116,1
DA:117,40
DA:119,1
DA:120,47
DA:123,2
DA:124,2
DA:127,1
DA:130,1
DA:131,1
DA:132,3
DA:133,9
DA:138,1
DA:142,2
DA:143,2
DA:144,2
DA:145,6
DA:146,6
DA:147,18
DA:148,18
DA:149,18
DA:151,6
DA:153,2
DA:158,21
DA:159,21
DA:161,21
DA:162,15
DA:163,15
DA:164,15
DA:166,21
DA:167,21
DA:169,21
DA:170,15
DA:171,15
DA:172,15
DA:175,21
DA:176,6
DA:177,21
DA:180,8
DA:191,1
DA:192,1
DA:197,1
DA:198,1
DA:199,1
DA:200,1
DA:201,1
DA:202,1
DA:203,1
DA:205,1
DA:206,1
DA:207,1
DA:208,1
DA:211,1
DA:212,1
DA:213,1
DA:214,1
DA:215,1
DA:217,1
DA:218,1
DA:219,1
DA:221,1
DA:222,1
DA:223,1
DA:224,1
DA:225,1
DA:227,1
DA:228,1
DA:229,1
DA:230,1
DA:231,1
DA:232,1
DA:234,1
DA:235,1
DA:236,1
DA:237,1
DA:238,1
DA:240,1
DA:241,1
DA:243,1
DA:244,1
DA:246,1
DA:247,1
DA:248,1
DA:249,1
DA:250,1
DA:251,1
DA:252,1
DA:254,1
DA:255,1
DA:256,1
DA:257,1
DA:258,1
DA:259,1
DA:260,1
DA:261,1
DA:262,1
DA:264,1
DA:265,1
DA:266,1
DA:267,1
DA:268,1
DA:269,1
LF:151
LH:145
BRDA:9,1,0,0
BRDA:9,1,1,2
BRDA:38,2,0,1
BRDA:38,2,1,0
BRDA:49,3,0,0
BRDA:49,3,1,0
BRDA:49,4,0,0
BRDA:49,4,1,0
BRDA:99,5,0,1
BRDA:99,5,1,1
BRDA:104,6,0,1
BRDA:104,6,1,1
BRDA:111,7,0,1
BRDA:111,7,1,1
BRDA:114,8,0,1
BRDA:114,8,1,1
BRDA:149,9,0,1
BRDA:149,9,1,17
BRDA:153,10,0,1
BRDA:153,10,1,1
BRDA:161,11,0,15
BRDA:161,11,1,6
BRDA:162,12,0,6
BRDA:162,12,1,9
BRDA:163,13,0,7
BRDA:163,13,1,8
BRDA:164,14,0,3
BRDA:164,14,1,12
BRDA:166,15,0,5
BRDA:166,15,1,16
BRDA:167,16,0,2
BRDA:167,16,1,19
BRDA:169,17,0,15
BRDA:169,17,1,6
BRDA:170,18,0,1
BRDA:170,18,1,14
BRDA:171,19,0,1
BRDA:171,19,1,14
BRDA:172,20,0,0
BRDA:172,20,1,15
BRDA:175,21,0,15
BRDA:175,21,1,6
BRDA:175,22,0,21
BRDA:175,22,1,8
BRDA:176,23,0,2
BRDA:176,23,1,4
BRF:46
BRH:39
end_of_record
TN:
SF:C:\Users\DNS\Desktop\Life\frontend\view\view.spec.js
FN:1,(anonymous_1)
FN:6,__webpack_require__
FN:37,(anonymous_3)
FN:48,(anonymous_4)
FN:50,getDefault
FN:51,getModuleExports
FN:57,(anonymous_7)
FN:70,(anonymous_8)
FN:73,(anonymous_9)
FN:77,(anonymous_10)
FN:94,(anonymous_11)
FN:127,(anonymous_12)
FN:130,(anonymous_13)
FN:138,(anonymous_14)
FN:141,(anonymous_15)
FN:156,(anonymous_16)
FN:180,(anonymous_17)
FN:188,(anonymous_18)
FN:191,(anonymous_19)
FN:192,(anonymous_20)
FN:193,(anonymous_21)
FN:197,(anonymous_22)
FN:221,(anonymous_23)
FN:228,(anonymous_24)
FN:250,(anonymous_25)
FN:261,(anonymous_26)
FN:262,(anonymous_27)
FN:266,(anonymous_28)
FN:270,(anonymous_29)
FN:273,(anonymous_30)
FN:278,(anonymous_31)
FN:283,(anonymous_32)
FN:292,(anonymous_33)
FN:299,(anonymous_34)
FN:307,(anonymous_35)
FN:314,(anonymous_36)
FN:318,(anonymous_37)
FNF:37
FNH:29
FNDA:1,(anonymous_1)
FNDA:3,__webpack_require__
FNDA:4,(anonymous_3)
FNDA:0,(anonymous_4)
FNDA:0,getDefault
FNDA:0,getModuleExports
FNDA:4,(anonymous_7)
FNDA:1,(anonymous_8)
FNDA:3,(anonymous_9)
FNDA:3,(anonymous_10)
FNDA:1,(anonymous_11)
FNDA:0,(anonymous_12)
FNDA:0,(anonymous_13)
FNDA:0,(anonymous_14)
FNDA:0,(anonymous_15)
FNDA:0,(anonymous_16)
FNDA:4,(anonymous_17)
FNDA:1,(anonymous_18)
FNDA:1,(anonymous_19)
FNDA:4,(anonymous_20)
FNDA:1,(anonymous_21)
FNDA:5,(anonymous_22)
FNDA:4,(anonymous_23)
FNDA:1,(anonymous_24)
FNDA:1,(anonymous_25)
FNDA:1,(anonymous_26)
FNDA:1,(anonymous_27)
FNDA:1,(anonymous_28)
FNDA:1,(anonymous_29)
FNDA:1,(anonymous_30)
FNDA:1,(anonymous_31)
FNDA:1,(anonymous_32)
FNDA:1,(anonymous_33)
FNDA:1,(anonymous_34)
FNDA:1,(anonymous_35)
FNDA:1,(anonymous_36)
FNDA:1,(anonymous_37)
DA:1,1
DA:3,1
DA:6,1
DA:9,3
DA:10,0
DA:13,3
DA:20,3
DA:23,3
DA:26,3
DA:31,1
DA:34,1
DA:37,1
DA:38,4
DA:39,4
DA:48,1
DA:49,0
DA:50,0
DA:51,0
DA:52,0
DA:53,0
DA:57,4
DA:60,1
DA:63,1
DA:73,3
DA:77,1
DA:79,3
DA:80,3
DA:81,3
DA:82,3
DA:84,3
DA:85,15
DA:86,15
DA:87,75
DA:89,15
DA:93,1
DA:95,1
DA:96,1
DA:97,1
DA:98,1
DA:100,1
DA:101,0
DA:102,0
DA:105,1
DA:106,1
DA:107,5
DA:108,20
DA:112,1
DA:113,0
DA:115,1
DA:116,1
DA:117,1
DA:118,9
DA:120,1
DA:121,3
DA:124,1
DA:125,1
DA:128,0
DA:131,0
DA:132,0
DA:133,0
DA:134,0
DA:139,0
DA:143,0
DA:144,0
DA:145,0
DA:146,0
DA:147,0
DA:148,0
DA:149,0
DA:150,0
DA:152,0
DA:154,0
DA:159,0
DA:160,0
DA:162,0
DA:163,0
DA:164,0
DA:165,0
DA:167,0
DA:168,0
DA:170,0
DA:171,0
DA:172,0
DA:173,0
DA:176,0
DA:177,0
DA:178,0
DA:181,4
DA:191,1
DA:192,4
DA:193,1
DA:197,1
DA:199,5
DA:200,5
DA:201,5
DA:203,5
DA:204,5
DA:206,5
DA:207,5
DA:208,28
DA:209,28
DA:210,172
DA:211,172
DA:212,172
DA:213,172
DA:214,172
DA:216,28
DA:218,5
DA:221,1
DA:223,4
DA:224,4
DA:225,2
DA:228,1
DA:230,1
DA:231,1
DA:232,1
DA:233,1
DA:236,1
DA:237,5
DA:238,25
DA:239,25
DA:240,24
DA:253,1
DA:254,1
DA:255,1
DA:261,1
DA:262,1
DA:263,1
DA:264,1
DA:265,1
DA:266,1
DA:267,1
DA:268,1
DA:270,1
DA:271,1
DA:273,1
DA:274,1
DA:275,1
DA:278,1
DA:279,1
DA:280,1
DA:281,1
DA:282,1
DA:283,1
DA:284,1
DA:285,1
DA:286,1
DA:287,1
DA:288,1
DA:289,1
DA:290,1
DA:292,1
DA:293,1
DA:294,1
DA:295,1
DA:296,1
DA:297,1
DA:299,1
DA:300,1
DA:301,1
DA:302,1
DA:303,1
DA:304,1
DA:307,1
DA:308,1
DA:309,1
DA:310,1
DA:311,1
DA:312,1
DA:313,1
DA:314,1
DA:315,1
DA:316,1
DA:318,1
DA:319,1
LF:175
LH:135
BRDA:9,1,0,0
BRDA:9,1,1,3
BRDA:38,2,0,4
BRDA:38,2,1,0
BRDA:49,3,0,0
BRDA:49,3,1,0
BRDA:49,4,0,0
BRDA:49,4,1,0
BRDA:100,5,0,0
BRDA:100,5,1,1
BRDA:105,6,0,1
BRDA:105,6,1,0
BRDA:112,7,0,0
BRDA:112,7,1,1
BRDA:115,8,0,1
BRDA:115,8,1,0
BRDA:150,9,0,0
BRDA:150,9,1,0
BRDA:154,10,0,0
BRDA:154,10,1,0
BRDA:162,11,0,0
BRDA:162,11,1,0
BRDA:163,12,0,0
BRDA:163,12,1,0
BRDA:164,13,0,0
BRDA:164,13,1,0
BRDA:165,14,0,0
BRDA:165,14,1,0
BRDA:167,15,0,0
BRDA:167,15,1,0
BRDA:168,16,0,0
BRDA:168,16,1,0
BRDA:170,17,0,0
BRDA:170,17,1,0
BRDA:171,18,0,0
BRDA:171,18,1,0
BRDA:172,19,0,0
BRDA:172,19,1,0
BRDA:173,20,0,0
BRDA:173,20,1,0
BRDA:176,21,0,0
BRDA:176,21,1,0
BRDA:176,22,0,0
BRDA:176,22,1,0
BRDA:177,23,0,0
BRDA:177,23,1,0
BRDA:213,24,0,3
BRDA:213,24,1,169
BRDA:224,25,0,2
BRDA:224,25,1,2
BRDA:239,26,0,1
BRDA:239,26,1,24
BRF:52
BRH:12
end_of_record
