TN:
SF:C:\Users\DNS\Desktop\Life\frontend\mvc\controller\Controller.spec.ts
FN:1,(anonymous_1)
FN:6,__webpack_require__
FN:37,(anonymous_3)
FN:48,(anonymous_4)
FN:50,getDefault
FN:51,getModuleExports
FN:57,(anonymous_7)
FN:68,(anonymous_8)
FN:71,(anonymous_9)
FN:72,EventSender
FN:76,(anonymous_11)
FN:79,(anonymous_12)
FN:81,(anonymous_13)
FN:92,(anonymous_14)
FN:100,(anonymous_15)
FN:102,(anonymous_16)
FN:106,(anonymous_17)
FN:113,(anonymous_18)
FN:117,(anonymous_19)
FN:118,(anonymous_20)
FN:129,(anonymous_21)
FN:140,(anonymous_22)
FN:142,(anonymous_23)
FN:153,(anonymous_24)
FN:158,(anonymous_25)
FN:159,(anonymous_26)
FN:168,(anonymous_27)
FN:169,(anonymous_28)
FN:178,(anonymous_29)
FN:184,(anonymous_30)
FN:195,(anonymous_31)
FN:196,(anonymous_32)
FN:202,(anonymous_33)
FN:213,(anonymous_34)
FN:225,(anonymous_35)
FN:234,(anonymous_36)
FN:241,(anonymous_37)
FN:242,Controller
FN:251,(anonymous_39)
FN:253,(anonymous_40)
FN:259,(anonymous_41)
FN:262,(anonymous_42)
FN:265,(anonymous_43)
FN:269,(anonymous_44)
FN:274,(anonymous_45)
FN:277,(anonymous_46)
FN:278,(anonymous_47)
FN:293,(anonymous_48)
FN:299,(anonymous_49)
FN:314,(anonymous_50)
FN:337,(anonymous_51)
FN:342,(anonymous_52)
FN:343,Model
FN:352,(anonymous_54)
FN:362,(anonymous_55)
FN:369,(anonymous_56)
FN:374,(anonymous_57)
FN:377,(anonymous_58)
FN:378,(anonymous_59)
FN:385,(anonymous_60)
FN:386,(anonymous_61)
FN:387,(anonymous_62)
FN:388,(anonymous_63)
FN:399,(anonymous_64)
FN:429,(anonymous_65)
FN:440,(anonymous_66)
FN:445,(anonymous_67)
FN:446,View
FN:451,(anonymous_69)
FN:457,(anonymous_70)
FN:462,(anonymous_71)
FN:464,(anonymous_72)
FN:470,(anonymous_73)
FN:476,(anonymous_74)
FN:483,(anonymous_75)
FN:488,(anonymous_76)
FN:497,(anonymous_77)
FN:505,(anonymous_78)
FN:511,(anonymous_79)
FN:513,(anonymous_80)
FN:524,(anonymous_81)
FN:533,(anonymous_82)
FN:535,(anonymous_83)
FN:536,(anonymous_84)
FN:541,(anonymous_85)
FNF:85
FNH:76
FNDA:1,(anonymous_1)
FNDA:6,__webpack_require__
FNDA:0,(anonymous_3)
FNDA:0,(anonymous_4)
FNDA:0,getDefault
FNDA:0,getModuleExports
FNDA:0,(anonymous_7)
FNDA:1,(anonymous_8)
FNDA:1,(anonymous_9)
FNDA:4,EventSender
FNDA:4,(anonymous_11)
FNDA:13,(anonymous_12)
FNDA:13,(anonymous_13)
FNDA:1,(anonymous_14)
FNDA:1,(anonymous_15)
FNDA:1,(anonymous_16)
FNDA:1,(anonymous_17)
FNDA:1,(anonymous_18)
FNDA:1,(anonymous_19)
FNDA:1,(anonymous_20)
FNDA:1,(anonymous_21)
FNDA:1,(anonymous_22)
FNDA:1,(anonymous_23)
FNDA:1,(anonymous_24)
FNDA:1,(anonymous_25)
FNDA:1,(anonymous_26)
FNDA:1,(anonymous_27)
FNDA:1,(anonymous_28)
FNDA:1,(anonymous_29)
FNDA:1,(anonymous_30)
FNDA:1,(anonymous_31)
FNDA:1,(anonymous_32)
FNDA:1,(anonymous_33)
FNDA:1,(anonymous_34)
FNDA:1,(anonymous_35)
FNDA:1,(anonymous_36)
FNDA:1,(anonymous_37)
FNDA:1,Controller
FNDA:1,(anonymous_39)
FNDA:10,(anonymous_40)
FNDA:0,(anonymous_41)
FNDA:3,(anonymous_42)
FNDA:0,(anonymous_43)
FNDA:8,(anonymous_44)
FNDA:1,(anonymous_45)
FNDA:4,(anonymous_46)
FNDA:4,(anonymous_47)
FNDA:1,(anonymous_48)
FNDA:3,(anonymous_49)
FNDA:3,(anonymous_50)
FNDA:1,(anonymous_51)
FNDA:1,(anonymous_52)
FNDA:1,Model
FNDA:4,(anonymous_54)
FNDA:2,(anonymous_55)
FNDA:1,(anonymous_56)
FNDA:3,(anonymous_57)
FNDA:6,(anonymous_58)
FNDA:18,(anonymous_59)
FNDA:3,(anonymous_60)
FNDA:3,(anonymous_61)
FNDA:6,(anonymous_62)
FNDA:16,(anonymous_63)
FNDA:18,(anonymous_64)
FNDA:4,(anonymous_65)
FNDA:1,(anonymous_66)
FNDA:1,(anonymous_67)
FNDA:1,View
FNDA:1,(anonymous_69)
FNDA:1,(anonymous_70)
FNDA:1,(anonymous_71)
FNDA:0,(anonymous_72)
FNDA:3,(anonymous_73)
FNDA:0,(anonymous_74)
FNDA:6,(anonymous_75)
FNDA:18,(anonymous_76)
FNDA:6,(anonymous_77)
FNDA:3,(anonymous_78)
FNDA:22,(anonymous_79)
FNDA:206,(anonymous_80)
FNDA:3,(anonymous_81)
FNDA:8,(anonymous_82)
FNDA:16,(anonymous_83)
FNDA:48,(anonymous_84)
FNDA:254,(anonymous_85)
DA:1,1
DA:3,1
DA:6,1
DA:9,6
DA:10,1
DA:13,5
DA:20,5
DA:23,5
DA:26,5
DA:31,1
DA:34,1
DA:37,1
DA:38,0
DA:39,0
DA:48,1
DA:49,0
DA:50,0
DA:51,0
DA:52,0
DA:53,0
DA:57,1
DA:60,1
DA:63,1
DA:71,1
DA:72,1
DA:73,4
DA:74,4
DA:76,1
DA:77,4
DA:79,1
DA:80,13
DA:81,13
DA:82,13
DA:85,1
DA:87,1
DA:95,1
DA:96,1
DA:100,1
DA:101,1
DA:102,1
DA:103,1
DA:104,1
DA:105,1
DA:106,1
DA:107,1
DA:108,1
DA:109,1
DA:112,1
DA:113,1
DA:114,1
DA:115,1
DA:117,1
DA:118,1
DA:119,1
DA:120,1
DA:121,1
DA:122,1
DA:123,1
DA:124,1
DA:125,1
DA:126,1
DA:127,1
DA:129,1
DA:130,1
DA:131,1
DA:132,1
DA:133,1
DA:134,1
DA:135,1
DA:136,1
DA:137,1
DA:140,1
DA:141,1
DA:142,1
DA:143,1
DA:144,1
DA:145,1
DA:146,1
DA:147,1
DA:148,1
DA:149,1
DA:151,1
DA:153,1
DA:154,1
DA:155,1
DA:158,1
DA:159,1
DA:160,1
DA:161,1
DA:162,1
DA:163,1
DA:164,1
DA:165,1
DA:168,1
DA:169,1
DA:170,1
DA:171,1
DA:172,1
DA:173,1
DA:174,1
DA:175,1
DA:176,1
DA:178,1
DA:179,1
DA:180,1
DA:181,1
DA:182,1
DA:184,1
DA:185,1
DA:186,1
DA:187,1
DA:188,1
DA:189,1
DA:190,1
DA:191,1
DA:192,1
DA:195,1
DA:196,1
DA:197,1
DA:198,1
DA:199,1
DA:200,1
DA:202,1
DA:203,1
DA:204,1
DA:205,1
DA:206,1
DA:207,1
DA:208,1
DA:209,1
DA:210,1
DA:211,1
DA:213,1
DA:214,1
DA:215,1
DA:216,1
DA:217,1
DA:218,1
DA:219,1
DA:220,1
DA:221,1
DA:222,1
DA:225,1
DA:226,1
DA:227,1
DA:237,1
DA:238,1
DA:241,1
DA:242,1
DA:243,1
DA:244,1
DA:245,1
DA:246,1
DA:247,1
DA:248,1
DA:249,1
DA:251,1
DA:252,1
DA:253,1
DA:254,10
DA:255,2
DA:257,8
DA:259,1
DA:260,0
DA:262,1
DA:263,3
DA:265,1
DA:266,0
DA:269,1
DA:270,8
DA:271,8
DA:272,8
DA:274,1
DA:276,1
DA:277,1
DA:278,4
DA:279,4
DA:280,3
DA:281,3
DA:282,3
DA:283,1
DA:286,1
DA:287,1
DA:291,1
DA:293,1
DA:294,1
DA:295,1
DA:296,1
DA:297,1
DA:299,1
DA:300,3
DA:301,3
DA:303,1
DA:304,1
DA:305,1
DA:307,1
DA:308,1
DA:310,1
DA:311,1
DA:314,1
DA:315,3
DA:316,3
DA:317,3
DA:319,1
DA:320,1
DA:322,1
DA:323,1
DA:324,1
DA:326,1
DA:327,1
DA:330,1
DA:332,1
DA:340,1
DA:342,1
DA:343,1
DA:344,1
DA:345,1
DA:346,1
DA:347,1
DA:348,1
DA:349,1
DA:350,1
DA:352,1
DA:353,4
DA:354,4
DA:355,24
DA:356,24
DA:357,212
DA:359,24
DA:362,1
DA:363,2
DA:364,2
DA:365,2
DA:366,2
DA:367,2
DA:369,1
DA:370,1
DA:371,1
DA:372,1
DA:374,1
DA:375,3
DA:377,3
DA:378,18
DA:380,3
DA:381,3
DA:382,3
DA:383,3
DA:385,1
DA:386,3
DA:387,3
DA:388,6
DA:389,16
DA:393,3
DA:394,1
DA:396,2
DA:397,3
DA:399,1
DA:401,18
DA:402,18
DA:403,18
DA:404,9
DA:405,6
DA:406,9
DA:407,7
DA:408,9
DA:409,4
DA:411,18
DA:412,10
DA:413,18
DA:414,5
DA:415,18
DA:416,9
DA:417,4
DA:418,9
DA:419,4
DA:420,9
DA:421,1
DA:423,18
DA:424,4
DA:425,14
DA:426,6
DA:427,18
DA:429,1
DA:430,4
DA:431,4
DA:433,1
DA:435,1
DA:443,1
DA:445,1
DA:446,1
DA:447,1
DA:448,1
DA:449,1
DA:451,1
DA:452,1
DA:453,1
DA:454,1
DA:455,1
DA:457,1
DA:458,1
DA:459,1
DA:460,1
DA:462,1
DA:463,1
DA:464,1
DA:465,0
DA:466,0
DA:467,0
DA:470,1
DA:471,3
DA:472,3
DA:473,3
DA:476,1
DA:477,0
DA:478,0
DA:479,0
DA:483,1
DA:484,6
DA:485,0
DA:488,6
DA:489,18
DA:490,6
DA:492,18
DA:493,6
DA:497,1
DA:498,6
DA:499,0
DA:500,6
DA:501,2
DA:503,4
DA:505,1
DA:506,3
DA:508,3
DA:509,3
DA:510,3
DA:511,3
DA:512,22
DA:513,22
DA:514,206
DA:515,206
DA:516,206
DA:517,206
DA:518,206
DA:520,22
DA:522,3
DA:524,1
DA:526,3
DA:527,3
DA:528,3
DA:529,2
DA:531,1
DA:533,1
DA:534,8
DA:535,8
DA:536,16
DA:537,48
DA:541,1
DA:542,254
DA:543,21
DA:545,233
DA:547,1
DA:549,1
LF:362
LH:345
BRDA:9,1,0,1
BRDA:9,1,1,5
BRDA:38,2,0,0
BRDA:38,2,1,0
BRDA:49,3,0,0
BRDA:49,3,1,0
BRDA:49,4,0,0
BRDA:49,4,1,0
BRDA:174,5,0,1
BRDA:174,5,1,1
BRDA:180,6,0,1
BRDA:180,6,1,1
BRDA:182,7,0,1
BRDA:182,7,1,1
BRDA:188,8,0,1
BRDA:188,8,1,1
BRDA:190,9,0,1
BRDA:190,9,1,1
BRDA:254,10,0,2
BRDA:254,10,1,8
BRDA:279,11,0,3
BRDA:279,11,1,1
BRDA:282,12,0,1
BRDA:282,12,1,2
BRDA:286,13,0,1
BRDA:286,13,1,0
BRDA:301,14,0,1
BRDA:301,14,1,1
BRDA:301,14,2,1
BRDA:317,15,0,1
BRDA:317,15,1,1
BRDA:317,15,2,1
BRDA:344,16,0,0
BRDA:344,16,1,1
BRDA:345,17,0,0
BRDA:345,17,1,1
BRDA:393,18,0,1
BRDA:393,18,1,2
BRDA:403,19,0,9
BRDA:403,19,1,9
BRDA:404,20,0,6
BRDA:404,20,1,3
BRDA:406,21,0,7
BRDA:406,21,1,2
BRDA:408,22,0,4
BRDA:408,22,1,5
BRDA:411,23,0,10
BRDA:411,23,1,8
BRDA:413,24,0,5
BRDA:413,24,1,13
BRDA:415,25,0,9
BRDA:415,25,1,9
BRDA:416,26,0,4
BRDA:416,26,1,5
BRDA:418,27,0,4
BRDA:418,27,1,5
BRDA:420,28,0,1
BRDA:420,28,1,8
BRDA:423,29,0,4
BRDA:423,29,1,14
BRDA:423,30,0,18
BRDA:423,30,1,15
BRDA:425,31,0,6
BRDA:425,31,1,8
BRDA:466,32,0,0
BRDA:466,32,1,0
BRDA:472,33,0,3
BRDA:472,33,1,0
BRDA:478,34,0,0
BRDA:478,34,1,0
BRDA:484,35,0,0
BRDA:484,35,1,6
BRDA:489,36,0,6
BRDA:489,36,1,12
BRDA:492,37,0,6
BRDA:492,37,1,12
BRDA:498,38,0,0
BRDA:498,38,1,6
BRDA:500,39,0,2
BRDA:500,39,1,4
BRDA:528,40,0,2
BRDA:528,40,1,1
BRDA:542,41,0,21
BRDA:542,41,1,233
BRF:84
BRH:68
end_of_record
TN:
SF:C:\Users\DNS\Desktop\Life\frontend\mvc\model\Model.spec.ts
FN:1,(anonymous_1)
FN:6,__webpack_require__
FN:37,(anonymous_3)
FN:48,(anonymous_4)
FN:50,getDefault
FN:51,getModuleExports
FN:57,(anonymous_7)
FN:68,(anonymous_8)
FN:71,(anonymous_9)
FN:72,EventSender
FN:76,(anonymous_11)
FN:79,(anonymous_12)
FN:81,(anonymous_13)
FN:94,(anonymous_14)
FN:99,(anonymous_15)
FN:100,Model
FN:109,(anonymous_17)
FN:119,(anonymous_18)
FN:126,(anonymous_19)
FN:131,(anonymous_20)
FN:134,(anonymous_21)
FN:135,(anonymous_22)
FN:142,(anonymous_23)
FN:143,(anonymous_24)
FN:144,(anonymous_25)
FN:145,(anonymous_26)
FN:156,(anonymous_27)
FN:186,(anonymous_28)
FN:198,(anonymous_29)
FN:205,(anonymous_30)
FN:209,(anonymous_31)
FN:212,(anonymous_32)
FN:213,(anonymous_33)
FN:217,(anonymous_34)
FN:222,(anonymous_35)
FN:223,(anonymous_36)
FN:231,(anonymous_37)
FN:240,(anonymous_38)
FN:241,(anonymous_39)
FN:249,(anonymous_40)
FN:255,(anonymous_41)
FN:260,(anonymous_42)
FN:267,(anonymous_43)
FN:275,(anonymous_44)
FN:277,(anonymous_45)
FN:280,(anonymous_46)
FN:284,(anonymous_47)
FN:285,(anonymous_48)
FN:290,(anonymous_49)
FN:296,(anonymous_50)
FN:304,(anonymous_51)
FN:305,(anonymous_52)
FN:310,(anonymous_53)
FNF:53
FNH:46
FNDA:1,(anonymous_1)
FNDA:3,__webpack_require__
FNDA:0,(anonymous_3)
FNDA:0,(anonymous_4)
FNDA:0,getDefault
FNDA:0,getModuleExports
FNDA:0,(anonymous_7)
FNDA:1,(anonymous_8)
FNDA:1,(anonymous_9)
FNDA:18,EventSender
FNDA:0,(anonymous_11)
FNDA:23,(anonymous_12)
FNDA:0,(anonymous_13)
FNDA:1,(anonymous_14)
FNDA:1,(anonymous_15)
FNDA:18,Model
FNDA:22,(anonymous_17)
FNDA:3,(anonymous_18)
FNDA:1,(anonymous_19)
FNDA:2,(anonymous_20)
FNDA:6,(anonymous_21)
FNDA:18,(anonymous_22)
FNDA:4,(anonymous_23)
FNDA:2,(anonymous_24)
FNDA:6,(anonymous_25)
FNDA:18,(anonymous_26)
FNDA:21,(anonymous_27)
FNDA:17,(anonymous_28)
FNDA:1,(anonymous_29)
FNDA:1,(anonymous_30)
FNDA:15,(anonymous_31)
FNDA:1,(anonymous_32)
FNDA:1,(anonymous_33)
FNDA:1,(anonymous_34)
FNDA:1,(anonymous_35)
FNDA:1,(anonymous_36)
FNDA:1,(anonymous_37)
FNDA:1,(anonymous_38)
FNDA:1,(anonymous_39)
FNDA:1,(anonymous_40)
FNDA:1,(anonymous_41)
FNDA:1,(anonymous_42)
FNDA:1,(anonymous_43)
FNDA:1,(anonymous_44)
FNDA:1,(anonymous_45)
FNDA:1,(anonymous_46)
FNDA:1,(anonymous_47)
FNDA:1,(anonymous_48)
FNDA:1,(anonymous_49)
FNDA:1,(anonymous_50)
FNDA:1,(anonymous_51)
FNDA:1,(anonymous_52)
FNDA:1,(anonymous_53)
DA:1,1
DA:3,1
DA:6,1
DA:9,3
DA:10,0
DA:13,3
DA:20,3
DA:23,3
DA:26,3
DA:31,1
DA:34,1
DA:37,1
DA:38,0
DA:39,0
DA:48,1
DA:49,0
DA:50,0
DA:51,0
DA:52,0
DA:53,0
DA:57,1
DA:60,1
DA:63,1
DA:71,1
DA:72,1
DA:73,18
DA:74,18
DA:76,1
DA:77,0
DA:79,1
DA:80,23
DA:81,23
DA:82,0
DA:85,1
DA:87,1
DA:97,1
DA:99,1
DA:100,1
DA:101,18
DA:102,18
DA:103,18
DA:104,18
DA:105,18
DA:106,18
DA:107,18
DA:109,1
DA:110,22
DA:111,22
DA:112,198
DA:113,198
DA:114,4512
DA:116,198
DA:119,1
DA:120,3
DA:121,3
DA:122,3
DA:123,3
DA:124,3
DA:126,1
DA:127,1
DA:128,1
DA:129,1
DA:131,1
DA:132,2
DA:134,2
DA:135,18
DA:137,2
DA:138,2
DA:139,2
DA:140,2
DA:142,1
DA:143,4
DA:144,2
DA:145,6
DA:146,18
DA:150,4
DA:151,2
DA:153,2
DA:154,4
DA:156,1
DA:158,21
DA:159,21
DA:160,21
DA:161,15
DA:162,10
DA:163,15
DA:164,10
DA:165,15
DA:166,4
DA:168,21
DA:169,9
DA:170,21
DA:171,3
DA:172,21
DA:173,15
DA:174,3
DA:175,15
DA:176,3
DA:177,15
DA:178,1
DA:180,21
DA:181,7
DA:182,14
DA:183,6
DA:184,21
DA:186,1
DA:187,17
DA:188,17
DA:190,1
DA:192,1
DA:201,1
DA:202,1
DA:205,1
DA:206,1
DA:207,1
DA:208,1
DA:209,1
DA:210,15
DA:212,1
DA:213,1
DA:214,1
DA:215,1
DA:217,1
DA:218,1
DA:219,1
DA:222,1
DA:223,1
DA:224,1
DA:225,1
DA:226,1
DA:227,1
DA:228,1
DA:229,1
DA:231,1
DA:232,1
DA:233,1
DA:234,1
DA:235,1
DA:236,1
DA:237,1
DA:240,1
DA:241,1
DA:242,1
DA:243,1
DA:244,1
DA:245,1
DA:246,1
DA:249,1
DA:250,1
DA:251,1
DA:252,1
DA:253,1
DA:254,1
DA:255,1
DA:256,1
DA:260,1
DA:261,1
DA:262,1
DA:265,1
DA:267,1
DA:268,1
DA:269,1
DA:272,1
DA:275,1
DA:276,1
DA:277,1
DA:278,1
DA:280,1
DA:281,1
DA:284,1
DA:285,1
DA:286,1
DA:287,1
DA:288,1
DA:290,1
DA:291,1
DA:292,1
DA:293,1
DA:294,1
DA:296,1
DA:297,1
DA:298,1
DA:299,1
DA:300,1
DA:301,1
DA:304,1
DA:305,1
DA:306,1
DA:307,1
DA:308,1
DA:310,1
DA:311,1
DA:312,1
DA:313,1
DA:314,1
LF:195
LH:185
BRDA:9,1,0,0
BRDA:9,1,1,3
BRDA:38,2,0,0
BRDA:38,2,1,0
BRDA:49,3,0,0
BRDA:49,3,1,0
BRDA:49,4,0,0
BRDA:49,4,1,0
BRDA:101,5,0,0
BRDA:101,5,1,18
BRDA:102,6,0,0
BRDA:102,6,1,18
BRDA:150,7,0,2
BRDA:150,7,1,2
BRDA:160,8,0,15
BRDA:160,8,1,6
BRDA:161,9,0,10
BRDA:161,9,1,5
BRDA:163,10,0,10
BRDA:163,10,1,5
BRDA:165,11,0,4
BRDA:165,11,1,11
BRDA:168,12,0,9
BRDA:168,12,1,12
BRDA:170,13,0,3
BRDA:170,13,1,18
BRDA:172,14,0,15
BRDA:172,14,1,6
BRDA:173,15,0,3
BRDA:173,15,1,12
BRDA:175,16,0,3
BRDA:175,16,1,12
BRDA:177,17,0,1
BRDA:177,17,1,14
BRDA:180,18,0,7
BRDA:180,18,1,14
BRDA:180,19,0,21
BRDA:180,19,1,15
BRDA:182,20,0,6
BRDA:182,20,1,8
BRF:40
BRH:31
end_of_record
TN:
SF:C:\Users\DNS\Desktop\Life\frontend\mvc\view\View.spec.ts
FN:1,(anonymous_1)
FN:6,__webpack_require__
FN:37,(anonymous_3)
FN:48,(anonymous_4)
FN:50,getDefault
FN:51,getModuleExports
FN:57,(anonymous_7)
FN:68,(anonymous_8)
FN:71,(anonymous_9)
FN:72,EventSender
FN:76,(anonymous_11)
FN:79,(anonymous_12)
FN:81,(anonymous_13)
FN:94,(anonymous_14)
FN:99,(anonymous_15)
FN:100,Model
FN:109,(anonymous_17)
FN:119,(anonymous_18)
FN:126,(anonymous_19)
FN:131,(anonymous_20)
FN:134,(anonymous_21)
FN:135,(anonymous_22)
FN:142,(anonymous_23)
FN:143,(anonymous_24)
FN:144,(anonymous_25)
FN:145,(anonymous_26)
FN:156,(anonymous_27)
FN:186,(anonymous_28)
FN:197,(anonymous_29)
FN:202,(anonymous_30)
FN:203,View
FN:208,(anonymous_32)
FN:214,(anonymous_33)
FN:219,(anonymous_34)
FN:221,(anonymous_35)
FN:227,(anonymous_36)
FN:233,(anonymous_37)
FN:240,(anonymous_38)
FN:245,(anonymous_39)
FN:254,(anonymous_40)
FN:262,(anonymous_41)
FN:268,(anonymous_42)
FN:270,(anonymous_43)
FN:281,(anonymous_44)
FN:290,(anonymous_45)
FN:292,(anonymous_46)
FN:293,(anonymous_47)
FN:298,(anonymous_48)
FN:312,(anonymous_49)
FN:321,(anonymous_50)
FN:323,(anonymous_51)
FN:327,(anonymous_52)
FN:338,(anonymous_53)
FN:342,(anonymous_54)
FN:343,(anonymous_55)
FN:354,(anonymous_56)
FN:355,(anonymous_57)
FN:361,(anonymous_58)
FN:366,(anonymous_59)
FN:373,(anonymous_60)
FN:374,(anonymous_61)
FN:385,(anonymous_62)
FN:394,(anonymous_63)
FN:404,(anonymous_64)
FN:405,(anonymous_65)
FN:411,(anonymous_66)
FN:418,(anonymous_67)
FN:420,(anonymous_68)
FN:424,(anonymous_69)
FN:429,(anonymous_70)
FN:430,(anonymous_71)
FN:435,(anonymous_72)
FN:441,(anonymous_73)
FN:442,(anonymous_74)
FN:446,(anonymous_75)
FN:451,(anonymous_76)
FNF:76
FNH:57
FNDA:1,(anonymous_1)
FNDA:5,__webpack_require__
FNDA:0,(anonymous_3)
FNDA:0,(anonymous_4)
FNDA:0,getDefault
FNDA:0,getModuleExports
FNDA:0,(anonymous_7)
FNDA:1,(anonymous_8)
FNDA:1,(anonymous_9)
FNDA:68,EventSender
FNDA:0,(anonymous_11)
FNDA:8,(anonymous_12)
FNDA:0,(anonymous_13)
FNDA:1,(anonymous_14)
FNDA:1,(anonymous_15)
FNDA:17,Model
FNDA:19,(anonymous_17)
FNDA:2,(anonymous_18)
FNDA:0,(anonymous_19)
FNDA:0,(anonymous_20)
FNDA:0,(anonymous_21)
FNDA:0,(anonymous_22)
FNDA:0,(anonymous_23)
FNDA:0,(anonymous_24)
FNDA:0,(anonymous_25)
FNDA:0,(anonymous_26)
FNDA:0,(anonymous_27)
FNDA:6,(anonymous_28)
FNDA:1,(anonymous_29)
FNDA:1,(anonymous_30)
FNDA:17,View
FNDA:17,(anonymous_32)
FNDA:17,(anonymous_33)
FNDA:17,(anonymous_34)
FNDA:0,(anonymous_35)
FNDA:0,(anonymous_36)
FNDA:0,(anonymous_37)
FNDA:2,(anonymous_38)
FNDA:6,(anonymous_39)
FNDA:2,(anonymous_40)
FNDA:7,(anonymous_41)
FNDA:38,(anonymous_42)
FNDA:222,(anonymous_43)
FNDA:4,(anonymous_44)
FNDA:2,(anonymous_45)
FNDA:10,(anonymous_46)
FNDA:50,(anonymous_47)
FNDA:274,(anonymous_48)
FNDA:1,(anonymous_49)
FNDA:1,(anonymous_50)
FNDA:1,(anonymous_51)
FNDA:1,(anonymous_52)
FNDA:17,(anonymous_53)
FNDA:1,(anonymous_54)
FNDA:1,(anonymous_55)
FNDA:1,(anonymous_56)
FNDA:1,(anonymous_57)
FNDA:1,(anonymous_58)
FNDA:1,(anonymous_59)
FNDA:1,(anonymous_60)
FNDA:1,(anonymous_61)
FNDA:1,(anonymous_62)
FNDA:1,(anonymous_63)
FNDA:1,(anonymous_64)
FNDA:1,(anonymous_65)
FNDA:1,(anonymous_66)
FNDA:1,(anonymous_67)
FNDA:1,(anonymous_68)
FNDA:1,(anonymous_69)
FNDA:1,(anonymous_70)
FNDA:1,(anonymous_71)
FNDA:1,(anonymous_72)
FNDA:1,(anonymous_73)
FNDA:1,(anonymous_74)
FNDA:1,(anonymous_75)
FNDA:1,(anonymous_76)
DA:1,1
DA:3,1
DA:6,1
DA:9,5
DA:10,1
DA:13,4
DA:20,4
DA:23,4
DA:26,4
DA:31,1
DA:34,1
DA:37,1
DA:38,0
DA:39,0
DA:48,1
DA:49,0
DA:50,0
DA:51,0
DA:52,0
DA:53,0
DA:57,1
DA:60,1
DA:63,1
DA:71,1
DA:72,1
DA:73,68
DA:74,68
DA:76,1
DA:77,0
DA:79,1
DA:80,8
DA:81,8
DA:82,0
DA:85,1
DA:87,1
DA:97,1
DA:99,1
DA:100,1
DA:101,17
DA:102,17
DA:103,17
DA:104,17
DA:105,17
DA:106,17
DA:107,17
DA:109,1
DA:110,19
DA:111,19
DA:112,98
DA:113,98
DA:114,522
DA:116,98
DA:119,1
DA:120,2
DA:121,2
DA:122,2
DA:123,2
DA:124,2
DA:126,1
DA:127,0
DA:128,0
DA:129,0
DA:131,1
DA:132,0
DA:134,0
DA:135,0
DA:137,0
DA:138,0
DA:139,0
DA:140,0
DA:142,1
DA:143,0
DA:144,0
DA:145,0
DA:146,0
DA:150,0
DA:151,0
DA:153,0
DA:154,0
DA:156,1
DA:158,0
DA:159,0
DA:160,0
DA:161,0
DA:162,0
DA:163,0
DA:164,0
DA:165,0
DA:166,0
DA:168,0
DA:169,0
DA:170,0
DA:171,0
DA:172,0
DA:173,0
DA:174,0
DA:175,0
DA:176,0
DA:177,0
DA:178,0
DA:180,0
DA:181,0
DA:182,0
DA:183,0
DA:184,0
DA:186,1
DA:187,6
DA:188,6
DA:190,1
DA:192,1
DA:200,1
DA:202,1
DA:203,1
DA:204,17
DA:205,17
DA:206,17
DA:208,1
DA:209,17
DA:210,17
DA:211,17
DA:212,17
DA:214,1
DA:215,17
DA:216,17
DA:217,17
DA:219,1
DA:220,17
DA:221,17
DA:222,0
DA:223,0
DA:224,0
DA:227,17
DA:228,0
DA:229,0
DA:230,0
DA:233,17
DA:234,0
DA:235,0
DA:236,0
DA:240,1
DA:241,2
DA:242,0
DA:245,2
DA:246,6
DA:247,2
DA:249,6
DA:250,2
DA:254,1
DA:255,2
DA:256,0
DA:257,2
DA:258,1
DA:260,1
DA:262,1
DA:263,7
DA:265,7
DA:266,7
DA:267,7
DA:268,7
DA:269,38
DA:270,38
DA:271,222
DA:272,222
DA:273,222
DA:274,222
DA:275,222
DA:277,38
DA:279,7
DA:281,1
DA:283,4
DA:284,4
DA:285,4
DA:286,3
DA:288,1
DA:290,1
DA:291,2
DA:292,2
DA:293,10
DA:294,50
DA:298,1
DA:299,274
DA:300,7
DA:302,267
DA:304,1
DA:306,1
DA:315,1
DA:316,1
DA:317,1
DA:321,1
DA:322,1
DA:323,1
DA:324,1
DA:325,1
DA:326,1
DA:327,1
DA:328,1
DA:329,1
DA:330,1
DA:333,1
DA:334,1
DA:335,1
DA:336,1
DA:337,1
DA:338,1
DA:339,17
DA:340,17
DA:342,1
DA:343,1
DA:344,1
DA:345,1
DA:346,1
DA:347,1
DA:348,1
DA:349,1
DA:350,1
DA:351,1
DA:354,1
DA:355,1
DA:356,1
DA:357,1
DA:358,1
DA:359,1
DA:361,1
DA:362,1
DA:363,1
DA:364,1
DA:366,1
DA:367,1
DA:368,1
DA:369,1
DA:370,1
DA:373,1
DA:374,1
DA:375,1
DA:376,1
DA:377,1
DA:378,1
DA:379,1
DA:380,1
DA:381,1
DA:382,1
DA:383,1
DA:385,1
DA:386,1
DA:387,1
DA:388,1
DA:389,1
DA:390,1
DA:391,1
DA:392,1
DA:394,1
DA:395,1
DA:396,1
DA:397,1
DA:398,1
DA:399,1
DA:400,1
DA:401,1
DA:404,1
DA:405,1
DA:406,1
DA:407,1
DA:408,1
DA:409,1
DA:411,1
DA:412,1
DA:413,1
DA:414,1
DA:415,1
DA:418,1
DA:419,1
DA:420,1
DA:421,1
DA:422,1
DA:424,1
DA:425,1
DA:426,1
DA:429,1
DA:430,1
DA:431,1
DA:432,1
DA:433,1
DA:435,1
DA:436,1
DA:437,1
DA:438,1
DA:441,1
DA:442,1
DA:443,1
DA:444,1
DA:446,1
DA:447,1
DA:448,1
DA:451,1
DA:452,1
DA:453,1
LF:296
LH:233
BRDA:9,1,0,1
BRDA:9,1,1,4
BRDA:38,2,0,0
BRDA:38,2,1,0
BRDA:49,3,0,0
BRDA:49,3,1,0
BRDA:49,4,0,0
BRDA:49,4,1,0
BRDA:101,5,0,0
BRDA:101,5,1,17
BRDA:102,6,0,0
BRDA:102,6,1,17
BRDA:150,7,0,0
BRDA:150,7,1,0
BRDA:160,8,0,0
BRDA:160,8,1,0
BRDA:161,9,0,0
BRDA:161,9,1,0
BRDA:163,10,0,0
BRDA:163,10,1,0
BRDA:165,11,0,0
BRDA:165,11,1,0
BRDA:168,12,0,0
BRDA:168,12,1,0
BRDA:170,13,0,0
BRDA:170,13,1,0
BRDA:172,14,0,0
BRDA:172,14,1,0
BRDA:173,15,0,0
BRDA:173,15,1,0
BRDA:175,16,0,0
BRDA:175,16,1,0
BRDA:177,17,0,0
BRDA:177,17,1,0
BRDA:180,18,0,0
BRDA:180,18,1,0
BRDA:180,19,0,0
BRDA:180,19,1,0
BRDA:182,20,0,0
BRDA:182,20,1,0
BRDA:223,21,0,0
BRDA:223,21,1,0
BRDA:229,22,0,0
BRDA:229,22,1,0
BRDA:235,23,0,0
BRDA:235,23,1,0
BRDA:241,24,0,0
BRDA:241,24,1,2
BRDA:246,25,0,2
BRDA:246,25,1,4
BRDA:249,26,0,2
BRDA:249,26,1,4
BRDA:255,27,0,0
BRDA:255,27,1,2
BRDA:257,28,0,1
BRDA:257,28,1,1
BRDA:285,29,0,3
BRDA:285,29,1,1
BRDA:299,30,0,7
BRDA:299,30,1,267
BRF:60
BRH:16
end_of_record
